<?xml version="1.0" encoding="UTF-8"?>
<testng-results ignored="0" total="1" passed="1" failed="0" skipped="0">
  <reporter-output>
  </reporter-output>
  <suite started-at="2023-06-02T14:59:34 PDT" name="testsuite" finished-at="2023-06-02T14:59:36 PDT" duration-ms="2155">
    <groups>
    </groups>
    <test started-at="2023-06-02T14:59:34 PDT" name="apitests" finished-at="2023-06-02T14:59:36 PDT" duration-ms="2155">
      <class name="datadriventesting.movie.GetMoviesTitle">
        <test-method is-config="true" signature="setup()[pri:0, instance:datadriventesting.movie.GetMoviesTitle@5c8504fd]" started-at="2023-06-02T14:59:34 PDT" name="setup" finished-at="2023-06-02T14:59:34 PDT" duration-ms="5" status="PASS">
          <reporter-output>
          </reporter-output>
        </test-method> <!-- setup -->
        <test-method is-config="true" signature="setUp()[pri:0, instance:datadriventesting.movie.GetMoviesTitle@5c8504fd]" started-at="2023-06-02T14:59:34 PDT" name="setUp" finished-at="2023-06-02T14:59:34 PDT" duration-ms="0" status="PASS">
          <reporter-output>
          </reporter-output>
        </test-method> <!-- setUp -->
        <test-method signature="testMovieTitles()[pri:0, instance:datadriventesting.movie.GetMoviesTitle@5c8504fd]" started-at="2023-06-02T14:59:34 PDT" name="testMovieTitles" finished-at="2023-06-02T14:59:36 PDT" duration-ms="2129" status="PASS">
          <reporter-output>
          </reporter-output>
        </test-method> <!-- testMovieTitles -->
      </class> <!-- datadriventesting.movie.GetMoviesTitle -->
    </test> <!-- apitests -->
  </suite> <!-- testsuite -->
</testng-results>
